{
  "RSpec": {
    "coverage": {
      "/Users/rob/Drive/makers/proper/week10/tic_tac_toe/spec/board_spec.rb": [
        1,
        null,
        1,
        1,
        1,
        1,
        null,
        1,
        1,
        null,
        1,
        1,
        null,
        null
      ],
      "/Users/rob/Drive/makers/proper/week10/tic_tac_toe/lib/board.rb": [
        1,
        null,
        1,
        null,
        1,
        null,
        1,
        1,
        null,
        1,
        6,
        6,
        6,
        null,
        null,
        1,
        6,
        18,
        18,
        54,
        54,
        null,
        18,
        null,
        null,
        null,
        null
      ],
      "/Users/rob/Drive/makers/proper/week10/tic_tac_toe/lib/square.rb": [
        1,
        null,
        1,
        null,
        1,
        58,
        58,
        null,
        null,
        1,
        2,
        null,
        null,
        1,
        2,
        null,
        null,
        null
      ],
      "/Users/rob/Drive/makers/proper/week10/tic_tac_toe/spec/game_spec.rb": [
        1,
        null,
        1,
        1,
        1,
        1,
        null,
        1,
        1,
        null,
        null,
        1,
        1,
        1,
        null,
        1,
        1,
        null,
        1,
        1,
        null,
        null,
        1,
        1,
        1,
        null,
        null,
        1,
        1,
        1,
        null,
        null,
        null
      ],
      "/Users/rob/Drive/makers/proper/week10/tic_tac_toe/lib/game.rb": [
        1,
        1,
        null,
        1,
        null,
        1,
        null,
        1,
        null,
        1,
        5,
        5,
        5,
        5,
        null,
        null,
        1,
        1,
        null,
        null,
        null
      ],
      "/Users/rob/Drive/makers/proper/week10/tic_tac_toe/lib/player.rb": [
        1,
        null,
        1,
        null,
        1,
        12,
        null,
        null,
        null
      ],
      "/Users/rob/Drive/makers/proper/week10/tic_tac_toe/spec/player_spec.rb": [
        1,
        null,
        1,
        1,
        1,
        null,
        1,
        1,
        1,
        null,
        null
      ],
      "/Users/rob/Drive/makers/proper/week10/tic_tac_toe/spec/square_spec.rb": [
        1,
        null,
        1,
        3,
        5,
        1,
        1,
        null,
        1,
        1,
        1,
        null,
        null,
        1,
        1,
        1,
        1,
        null,
        1,
        1,
        1,
        null,
        null,
        null
      ]
    },
    "timestamp": 1489151162
  }
}
